Copyright 1986-2020 Xilinx, Inc. All Rights Reserved.
------------------------------------------------------------------------------------
| Tool Version : Vivado v.2020.2 (win64) Build 3064766 Wed Nov 18 09:12:45 MST 2020
| Date         : Tue Apr 26 13:47:06 2022
| Host         : PC-461 running 64-bit major release  (build 9200)
| Command      : report_control_sets -verbose -file top_control_sets_placed.rpt
| Design       : top
| Device       : xc7a50ti
------------------------------------------------------------------------------------

Control Set Information

Table of Contents
-----------------
1. Summary
2. Histogram
3. Flip-Flop Distribution
4. Detailed Control Set Information

1. Summary
----------

+----------------------------------------------------------+-------+
|                          Status                          | Count |
+----------------------------------------------------------+-------+
| Total control sets                                       |     5 |
|    Minimum number of control sets                        |     5 |
|    Addition due to synthesis replication                 |     0 |
|    Addition due to physical synthesis replication        |     0 |
| Unused register locations in slices containing registers |    10 |
+----------------------------------------------------------+-------+
* Control sets can be merged at opt_design using control_set_merge or merge_equivalent_drivers
** Run report_qor_suggestions for automated merging and remapping suggestions


2. Histogram
------------

+--------------------+-------+
|       Fanout       | Count |
+--------------------+-------+
| Total control sets |     5 |
| >= 0 to < 4        |     0 |
| >= 4 to < 6        |     0 |
| >= 6 to < 8        |     1 |
| >= 8 to < 10       |     1 |
| >= 10 to < 12      |     0 |
| >= 12 to < 14      |     1 |
| >= 14 to < 16      |     0 |
| >= 16              |     2 |
+--------------------+-------+
* Control sets can be remapped at either synth_design or opt_design


3. Flip-Flop Distribution
-------------------------

+--------------+-----------------------+------------------------+-----------------+--------------+
| Clock Enable | Synchronous Set/Reset | Asynchronous Set/Reset | Total Registers | Total Slices |
+--------------+-----------------------+------------------------+-----------------+--------------+
| No           | No                    | No                     |               7 |            7 |
| No           | No                    | Yes                    |               0 |            0 |
| No           | Yes                   | No                     |              39 |           14 |
| Yes          | No                    | No                     |               0 |            0 |
| Yes          | No                    | Yes                    |               0 |            0 |
| Yes          | Yes                   | No                     |              32 |           11 |
+--------------+-----------------------+------------------------+-----------------+--------------+


4. Detailed Control Set Information
-----------------------------------

+----------------------+---------------------------------------+---------------------------------------------+------------------+----------------+--------------+
|     Clock Signal     |             Enable Signal             |               Set/Reset Signal              | Slice Load Count | Bel Load Count | Bels / Slice |
+----------------------+---------------------------------------+---------------------------------------------+------------------+----------------+--------------+
|  CLK100MHZ_IBUF_BUFG |                                       |                                             |                7 |              7 |         1.00 |
|  CLK100MHZ_IBUF_BUFG |                                       | BTNC_IBUF                                   |                6 |              8 |         1.33 |
|  CLK100MHZ_IBUF_BUFG | driver_seg_8/clk_en0/E[0]             | BTNC_IBUF                                   |                6 |             12 |         2.00 |
|  CLK100MHZ_IBUF_BUFG | driver_seg_8/clk_en0/s_cnt2_reg[6][0] | BTNC_IBUF                                   |                5 |             20 |         4.00 |
|  CLK100MHZ_IBUF_BUFG |                                       | driver_seg_8/clk_en0/s_cnt_local[0]_i_1_n_0 |                8 |             31 |         3.88 |
+----------------------+---------------------------------------+---------------------------------------------+------------------+----------------+--------------+


